{"E:\\OPEN SOURCE\\Digital-Ally\\src\\app\\context\\AppContext.tsx": {"path":"E:\\OPEN SOURCE\\Digital-Ally\\src\\app\\context\\AppContext.tsx","statementMap":{"0":{"start":{"line":7,"column":13},"end":{"line":7,"column":null}},"1":{"start":{"line":9,"column":68},"end":{"line":193,"column":null}},"2":{"start":{"line":10,"column":41},"end":{"line":10,"column":null}},"3":{"start":{"line":10,"column":79},"end":{"line":10,"column":122}},"4":{"start":{"line":11,"column":30},"end":{"line":11,"column":null}},"5":{"start":{"line":12,"column":38},"end":{"line":12,"column":null}},"6":{"start":{"line":13,"column":32},"end":{"line":13,"column":null}},"7":{"start":{"line":14,"column":32},"end":{"line":14,"column":null}},"8":{"start":{"line":15,"column":26},"end":{"line":15,"column":null}},"9":{"start":{"line":16,"column":50},"end":{"line":16,"column":null}},"10":{"start":{"line":17,"column":44},"end":{"line":17,"column":null}},"11":{"start":{"line":18,"column":40},"end":{"line":18,"column":null}},"12":{"start":{"line":19,"column":38},"end":{"line":19,"column":null}},"13":{"start":{"line":20,"column":34},"end":{"line":20,"column":null}},"14":{"start":{"line":21,"column":46},"end":{"line":21,"column":null}},"15":{"start":{"line":22,"column":32},"end":{"line":22,"column":null}},"16":{"start":{"line":23,"column":30},"end":{"line":23,"column":null}},"17":{"start":{"line":24,"column":24},"end":{"line":24,"column":null}},"18":{"start":{"line":27,"column":30},"end":{"line":27,"column":null}},"19":{"start":{"line":28,"column":30},"end":{"line":28,"column":null}},"20":{"start":{"line":29,"column":34},"end":{"line":29,"column":null}},"21":{"start":{"line":32,"column":34},"end":{"line":32,"column":null}},"22":{"start":{"line":33,"column":34},"end":{"line":33,"column":null}},"23":{"start":{"line":35,"column":8},"end":{"line":39,"column":null}},"24":{"start":{"line":36,"column":4},"end":{"line":36,"column":null}},"25":{"start":{"line":37,"column":4},"end":{"line":37,"column":null}},"26":{"start":{"line":38,"column":4},"end":{"line":38,"column":null}},"27":{"start":{"line":41,"column":8},"end":{"line":43,"column":null}},"28":{"start":{"line":42,"column":4},"end":{"line":42,"column":null}},"29":{"start":{"line":45,"column":8},"end":{"line":96,"column":null}},"30":{"start":{"line":46,"column":4},"end":{"line":49,"column":null}},"31":{"start":{"line":47,"column":6},"end":{"line":47,"column":null}},"32":{"start":{"line":48,"column":6},"end":{"line":48,"column":null}},"33":{"start":{"line":52,"column":4},"end":{"line":52,"column":null}},"34":{"start":{"line":53,"column":4},"end":{"line":53,"column":null}},"35":{"start":{"line":54,"column":4},"end":{"line":54,"column":null}},"36":{"start":{"line":55,"column":4},"end":{"line":55,"column":null}},"37":{"start":{"line":56,"column":4},"end":{"line":56,"column":null}},"38":{"start":{"line":58,"column":22},"end":{"line":58,"column":null}},"39":{"start":{"line":60,"column":4},"end":{"line":95,"column":null}},"40":{"start":{"line":61,"column":29},"end":{"line":61,"column":null}},"41":{"start":{"line":61,"column":54},"end":{"line":61,"column":80}},"42":{"start":{"line":62,"column":19},"end":{"line":71,"column":null}},"43":{"start":{"line":72,"column":6},"end":{"line":85,"column":null}},"44":{"start":{"line":73,"column":8},"end":{"line":73,"column":null}},"45":{"start":{"line":74,"column":8},"end":{"line":74,"column":null}},"46":{"start":{"line":75,"column":24},"end":{"line":75,"column":null}},"47":{"start":{"line":76,"column":8},"end":{"line":76,"column":null}},"48":{"start":{"line":78,"column":8},"end":{"line":78,"column":null}},"49":{"start":{"line":81,"column":8},"end":{"line":81,"column":null}},"50":{"start":{"line":82,"column":8},"end":{"line":82,"column":null}},"51":{"start":{"line":83,"column":8},"end":{"line":83,"column":null}},"52":{"start":{"line":84,"column":8},"end":{"line":84,"column":null}},"53":{"start":{"line":87,"column":27},"end":{"line":87,"column":null}},"54":{"start":{"line":88,"column":6},"end":{"line":88,"column":null}},"55":{"start":{"line":89,"column":6},"end":{"line":89,"column":null}},"56":{"start":{"line":90,"column":6},"end":{"line":90,"column":null}},"57":{"start":{"line":92,"column":6},"end":{"line":92,"column":null}},"58":{"start":{"line":92,"column":28},"end":{"line":92,"column":36}},"59":{"start":{"line":94,"column":8},"end":{"line":94,"column":null}},"60":{"start":{"line":94,"column":23},"end":{"line":94,"column":null}},"61":{"start":{"line":98,"column":25},"end":{"line":98,"column":null}},"62":{"start":{"line":98,"column":31},"end":{"line":98,"column":null}},"63":{"start":{"line":100,"column":8},"end":{"line":106,"column":null}},"64":{"start":{"line":101,"column":6},"end":{"line":104,"column":null}},"65":{"start":{"line":102,"column":10},"end":{"line":102,"column":null}},"66":{"start":{"line":103,"column":10},"end":{"line":103,"column":null}},"67":{"start":{"line":105,"column":6},"end":{"line":105,"column":null}},"68":{"start":{"line":108,"column":8},"end":{"line":124,"column":null}},"69":{"start":{"line":109,"column":4},"end":{"line":109,"column":null}},"70":{"start":{"line":109,"column":51},"end":{"line":109,"column":null}},"71":{"start":{"line":110,"column":4},"end":{"line":110,"column":null}},"72":{"start":{"line":111,"column":4},"end":{"line":111,"column":null}},"73":{"start":{"line":112,"column":4},"end":{"line":123,"column":null}},"74":{"start":{"line":113,"column":31},"end":{"line":116,"column":null}},"75":{"start":{"line":117,"column":8},"end":{"line":117,"column":null}},"76":{"start":{"line":119,"column":29},"end":{"line":119,"column":null}},"77":{"start":{"line":120,"column":8},"end":{"line":120,"column":null}},"78":{"start":{"line":122,"column":8},"end":{"line":122,"column":null}},"79":{"start":{"line":126,"column":30},"end":{"line":129,"column":null}},"80":{"start":{"line":127,"column":4},"end":{"line":127,"column":null}},"81":{"start":{"line":128,"column":4},"end":{"line":128,"column":null}},"82":{"start":{"line":131,"column":8},"end":{"line":145,"column":null}},"83":{"start":{"line":133,"column":4},"end":{"line":136,"column":null}},"84":{"start":{"line":134,"column":6},"end":{"line":134,"column":null}},"85":{"start":{"line":135,"column":6},"end":{"line":135,"column":null}},"86":{"start":{"line":139,"column":4},"end":{"line":144,"column":null}},"87":{"start":{"line":140,"column":6},"end":{"line":140,"column":null}},"88":{"start":{"line":141,"column":6},"end":{"line":141,"column":null}},"89":{"start":{"line":143,"column":6},"end":{"line":143,"column":null}},"90":{"start":{"line":147,"column":16},"end":{"line":167,"column":null}},"91":{"start":{"line":148,"column":4},"end":{"line":148,"column":null}},"92":{"start":{"line":149,"column":4},"end":{"line":149,"column":null}},"93":{"start":{"line":150,"column":4},"end":{"line":150,"column":null}},"94":{"start":{"line":151,"column":4},"end":{"line":151,"column":null}},"95":{"start":{"line":152,"column":4},"end":{"line":152,"column":null}},"96":{"start":{"line":153,"column":4},"end":{"line":153,"column":null}},"97":{"start":{"line":154,"column":4},"end":{"line":154,"column":null}},"98":{"start":{"line":155,"column":4},"end":{"line":155,"column":null}},"99":{"start":{"line":156,"column":4},"end":{"line":156,"column":null}},"100":{"start":{"line":157,"column":4},"end":{"line":157,"column":null}},"101":{"start":{"line":158,"column":4},"end":{"line":158,"column":null}},"102":{"start":{"line":159,"column":4},"end":{"line":159,"column":null}},"103":{"start":{"line":160,"column":4},"end":{"line":160,"column":null}},"104":{"start":{"line":162,"column":4},"end":{"line":162,"column":null}},"105":{"start":{"line":163,"column":4},"end":{"line":163,"column":null}},"106":{"start":{"line":164,"column":4},"end":{"line":164,"column":null}},"107":{"start":{"line":165,"column":4},"end":{"line":165,"column":null}},"108":{"start":{"line":166,"column":4},"end":{"line":166,"column":null}},"109":{"start":{"line":169,"column":27},"end":{"line":173,"column":null}},"110":{"start":{"line":170,"column":4},"end":{"line":170,"column":null}},"111":{"start":{"line":171,"column":4},"end":{"line":171,"column":null}},"112":{"start":{"line":172,"column":4},"end":{"line":172,"column":null}},"113":{"start":{"line":175,"column":30},"end":{"line":178,"column":null}},"114":{"start":{"line":176,"column":4},"end":{"line":176,"column":null}},"115":{"start":{"line":177,"column":4},"end":{"line":177,"column":null}},"116":{"start":{"line":180,"column":16},"end":{"line":190,"column":null}},"117":{"start":{"line":192,"column":2},"end":{"line":192,"column":null}}},"fnMap":{"0":{"name":"(anonymous_0)","decl":{"start":{"line":9,"column":68},"end":{"line":9,"column":69}},"loc":{"start":{"line":9,"column":86},"end":{"line":193,"column":null}},"line":9},"1":{"name":"(anonymous_1)","decl":{"start":{"line":10,"column":79},"end":{"line":10,"column":85}},"loc":{"start":{"line":10,"column":79},"end":{"line":10,"column":122}},"line":10},"2":{"name":"(anonymous_2)","decl":{"start":{"line":35,"column":37},"end":{"line":35,"column":38}},"loc":{"start":{"line":35,"column":65},"end":{"line":39,"column":5}},"line":35},"3":{"name":"(anonymous_3)","decl":{"start":{"line":41,"column":24},"end":{"line":41,"column":25}},"loc":{"start":{"line":41,"column":49},"end":{"line":43,"column":5}},"line":41},"4":{"name":"(anonymous_4)","decl":{"start":{"line":45,"column":44},"end":{"line":45,"column":51}},"loc":{"start":{"line":45,"column":88},"end":{"line":96,"column":5}},"line":45},"5":{"name":"(anonymous_5)","decl":{"start":{"line":61,"column":49},"end":{"line":61,"column":54}},"loc":{"start":{"line":61,"column":54},"end":{"line":61,"column":80}},"line":61},"6":{"name":"(anonymous_6)","decl":{"start":{"line":92,"column":20},"end":{"line":92,"column":28}},"loc":{"start":{"line":92,"column":28},"end":{"line":92,"column":36}},"line":92},"7":{"name":"(anonymous_7)","decl":{"start":{"line":98,"column":25},"end":{"line":98,"column":31}},"loc":{"start":{"line":98,"column":31},"end":{"line":98,"column":null}},"line":98},"8":{"name":"(anonymous_8)","decl":{"start":{"line":100,"column":35},"end":{"line":100,"column":47}},"loc":{"start":{"line":100,"column":47},"end":{"line":106,"column":5}},"line":100},"9":{"name":"(anonymous_9)","decl":{"start":{"line":108,"column":47},"end":{"line":108,"column":59}},"loc":{"start":{"line":108,"column":59},"end":{"line":124,"column":5}},"line":108},"10":{"name":"(anonymous_10)","decl":{"start":{"line":126,"column":30},"end":{"line":126,"column":31}},"loc":{"start":{"line":126,"column":57},"end":{"line":129,"column":null}},"line":126},"11":{"name":"(anonymous_11)","decl":{"start":{"line":131,"column":34},"end":{"line":131,"column":46}},"loc":{"start":{"line":131,"column":46},"end":{"line":145,"column":5}},"line":131},"12":{"name":"(anonymous_12)","decl":{"start":{"line":147,"column":16},"end":{"line":147,"column":22}},"loc":{"start":{"line":147,"column":22},"end":{"line":167,"column":null}},"line":147},"13":{"name":"(anonymous_13)","decl":{"start":{"line":169,"column":27},"end":{"line":169,"column":33}},"loc":{"start":{"line":169,"column":33},"end":{"line":173,"column":null}},"line":169},"14":{"name":"(anonymous_14)","decl":{"start":{"line":175,"column":30},"end":{"line":175,"column":36}},"loc":{"start":{"line":175,"column":36},"end":{"line":178,"column":null}},"line":175}},"branchMap":{"0":{"loc":{"start":{"line":10,"column":79},"end":{"line":10,"column":122}},"type":"binary-expr","locations":[{"start":{"line":10,"column":79},"end":{"line":10,"column":118}},{"start":{"line":10,"column":118},"end":{"line":10,"column":122}}],"line":10},"1":{"loc":{"start":{"line":42,"column":11},"end":{"line":42,"column":null}},"type":"binary-expr","locations":[{"start":{"line":42,"column":11},"end":{"line":42,"column":44}},{"start":{"line":42,"column":44},"end":{"line":42,"column":null}}],"line":42},"2":{"loc":{"start":{"line":46,"column":4},"end":{"line":49,"column":null}},"type":"if","locations":[{"start":{"line":46,"column":4},"end":{"line":49,"column":null}},{"start":{},"end":{}}],"line":46},"3":{"loc":{"start":{"line":46,"column":8},"end":{"line":46,"column":88}},"type":"binary-expr","locations":[{"start":{"line":46,"column":8},"end":{"line":46,"column":26}},{"start":{"line":46,"column":26},"end":{"line":46,"column":46}},{"start":{"line":46,"column":46},"end":{"line":46,"column":70}},{"start":{"line":46,"column":70},"end":{"line":46,"column":88}}],"line":46},"4":{"loc":{"start":{"line":61,"column":29},"end":{"line":61,"column":null}},"type":"binary-expr","locations":[{"start":{"line":61,"column":29},"end":{"line":61,"column":98}},{"start":{"line":61,"column":98},"end":{"line":61,"column":null}}],"line":61},"5":{"loc":{"start":{"line":72,"column":6},"end":{"line":85,"column":null}},"type":"if","locations":[{"start":{"line":72,"column":6},"end":{"line":85,"column":null}},{"start":{"line":80,"column":13},"end":{"line":85,"column":null}}],"line":72},"6":{"loc":{"start":{"line":83,"column":25},"end":{"line":83,"column":44}},"type":"binary-expr","locations":[{"start":{"line":83,"column":25},"end":{"line":83,"column":42}},{"start":{"line":83,"column":42},"end":{"line":83,"column":44}}],"line":83},"7":{"loc":{"start":{"line":87,"column":27},"end":{"line":87,"column":null}},"type":"cond-expr","locations":[{"start":{"line":87,"column":50},"end":{"line":87,"column":64}},{"start":{"line":87,"column":64},"end":{"line":87,"column":null}}],"line":87},"8":{"loc":{"start":{"line":89,"column":23},"end":{"line":89,"column":42}},"type":"binary-expr","locations":[{"start":{"line":89,"column":23},"end":{"line":89,"column":40}},{"start":{"line":89,"column":40},"end":{"line":89,"column":42}}],"line":89},"9":{"loc":{"start":{"line":94,"column":8},"end":{"line":94,"column":null}},"type":"if","locations":[{"start":{"line":94,"column":8},"end":{"line":94,"column":null}},{"start":{},"end":{}}],"line":94},"10":{"loc":{"start":{"line":101,"column":6},"end":{"line":104,"column":null}},"type":"if","locations":[{"start":{"line":101,"column":6},"end":{"line":104,"column":null}},{"start":{},"end":{}}],"line":101},"11":{"loc":{"start":{"line":109,"column":4},"end":{"line":109,"column":null}},"type":"if","locations":[{"start":{"line":109,"column":4},"end":{"line":109,"column":null}},{"start":{},"end":{}}],"line":109},"12":{"loc":{"start":{"line":109,"column":8},"end":{"line":109,"column":51}},"type":"binary-expr","locations":[{"start":{"line":109,"column":8},"end":{"line":109,"column":19}},{"start":{"line":109,"column":19},"end":{"line":109,"column":36}},{"start":{"line":109,"column":36},"end":{"line":109,"column":51}}],"line":109},"13":{"loc":{"start":{"line":119,"column":29},"end":{"line":119,"column":null}},"type":"cond-expr","locations":[{"start":{"line":119,"column":52},"end":{"line":119,"column":66}},{"start":{"line":119,"column":66},"end":{"line":119,"column":null}}],"line":119},"14":{"loc":{"start":{"line":133,"column":4},"end":{"line":136,"column":null}},"type":"if","locations":[{"start":{"line":133,"column":4},"end":{"line":136,"column":null}},{"start":{},"end":{}}],"line":133},"15":{"loc":{"start":{"line":139,"column":4},"end":{"line":144,"column":null}},"type":"if","locations":[{"start":{"line":139,"column":4},"end":{"line":144,"column":null}},{"start":{"line":142,"column":11},"end":{"line":144,"column":null}}],"line":139}},"s":{"0":1,"1":1,"2":24,"3":7,"4":24,"5":24,"6":24,"7":24,"8":24,"9":24,"10":24,"11":24,"12":24,"13":24,"14":24,"15":24,"16":24,"17":24,"18":24,"19":24,"20":24,"21":24,"22":24,"23":24,"24":1,"25":1,"26":1,"27":24,"28":47,"29":24,"30":5,"31":1,"32":1,"33":4,"34":4,"35":4,"36":4,"37":4,"38":4,"39":5,"40":5,"41":16,"42":5,"43":4,"44":4,"45":4,"46":4,"47":4,"48":4,"49":0,"50":0,"51":0,"52":0,"53":0,"54":0,"55":0,"56":0,"57":0,"58":0,"59":4,"60":1,"61":24,"62":3,"63":24,"64":1,"65":0,"66":0,"67":1,"68":24,"69":1,"70":0,"71":1,"72":1,"73":1,"74":1,"75":1,"76":0,"77":0,"78":1,"79":24,"80":0,"81":0,"82":24,"83":1,"84":0,"85":0,"86":1,"87":1,"88":1,"89":0,"90":24,"91":2,"92":2,"93":2,"94":2,"95":2,"96":2,"97":2,"98":2,"99":2,"100":2,"101":2,"102":2,"103":2,"104":2,"105":2,"106":2,"107":2,"108":2,"109":24,"110":1,"111":1,"112":1,"113":24,"114":1,"115":1,"116":24,"117":24},"f":{"0":24,"1":7,"2":1,"3":47,"4":5,"5":16,"6":0,"7":3,"8":1,"9":1,"10":0,"11":1,"12":2,"13":1,"14":1},"b":{"0":[7,7],"1":[47,0],"2":[1,4],"3":[5,4,4,4],"4":[5,4],"5":[4,0],"6":[0,0],"7":[0,0],"8":[0,0],"9":[1,3],"10":[0,1],"11":[0,1],"12":[1,1,1],"13":[0,0],"14":[0,1],"15":[1,0]},"meta":{"lastBranch":16,"lastFunction":15,"lastStatement":118,"seen":{"s:7:13:7:Infinity":0,"s:9:68:193:Infinity":1,"f:9:68:9:69":0,"s:10:41:10:Infinity":2,"f:10:79:10:85":1,"s:10:79:10:122":3,"b:10:79:10:118:10:118:10:122":0,"s:11:30:11:Infinity":4,"s:12:38:12:Infinity":5,"s:13:32:13:Infinity":6,"s:14:32:14:Infinity":7,"s:15:26:15:Infinity":8,"s:16:50:16:Infinity":9,"s:17:44:17:Infinity":10,"s:18:40:18:Infinity":11,"s:19:38:19:Infinity":12,"s:20:34:20:Infinity":13,"s:21:46:21:Infinity":14,"s:22:32:22:Infinity":15,"s:23:30:23:Infinity":16,"s:24:24:24:Infinity":17,"s:27:30:27:Infinity":18,"s:28:30:28:Infinity":19,"s:29:34:29:Infinity":20,"s:32:34:32:Infinity":21,"s:33:34:33:Infinity":22,"s:35:8:39:Infinity":23,"f:35:37:35:38":2,"s:36:4:36:Infinity":24,"s:37:4:37:Infinity":25,"s:38:4:38:Infinity":26,"s:41:8:43:Infinity":27,"f:41:24:41:25":3,"s:42:4:42:Infinity":28,"b:42:11:42:44:42:44:42:Infinity":1,"s:45:8:96:Infinity":29,"f:45:44:45:51":4,"b:46:4:49:Infinity:undefined:undefined:undefined:undefined":2,"s:46:4:49:Infinity":30,"b:46:8:46:26:46:26:46:46:46:46:46:70:46:70:46:88":3,"s:47:6:47:Infinity":31,"s:48:6:48:Infinity":32,"s:52:4:52:Infinity":33,"s:53:4:53:Infinity":34,"s:54:4:54:Infinity":35,"s:55:4:55:Infinity":36,"s:56:4:56:Infinity":37,"s:58:22:58:Infinity":38,"s:60:4:95:Infinity":39,"s:61:29:61:Infinity":40,"b:61:29:61:98:61:98:61:Infinity":4,"f:61:49:61:54":5,"s:61:54:61:80":41,"s:62:19:71:Infinity":42,"b:72:6:85:Infinity:80:13:85:Infinity":5,"s:72:6:85:Infinity":43,"s:73:8:73:Infinity":44,"s:74:8:74:Infinity":45,"s:75:24:75:Infinity":46,"s:76:8:76:Infinity":47,"s:78:8:78:Infinity":48,"s:81:8:81:Infinity":49,"s:82:8:82:Infinity":50,"s:83:8:83:Infinity":51,"b:83:25:83:42:83:42:83:44":6,"s:84:8:84:Infinity":52,"s:87:27:87:Infinity":53,"b:87:50:87:64:87:64:87:Infinity":7,"s:88:6:88:Infinity":54,"s:89:6:89:Infinity":55,"b:89:23:89:40:89:40:89:42":8,"s:90:6:90:Infinity":56,"s:92:6:92:Infinity":57,"f:92:20:92:28":6,"s:92:28:92:36":58,"b:94:8:94:Infinity:undefined:undefined:undefined:undefined":9,"s:94:8:94:Infinity":59,"s:94:23:94:Infinity":60,"s:98:25:98:Infinity":61,"f:98:25:98:31":7,"s:98:31:98:Infinity":62,"s:100:8:106:Infinity":63,"f:100:35:100:47":8,"b:101:6:104:Infinity:undefined:undefined:undefined:undefined":10,"s:101:6:104:Infinity":64,"s:102:10:102:Infinity":65,"s:103:10:103:Infinity":66,"s:105:6:105:Infinity":67,"s:108:8:124:Infinity":68,"f:108:47:108:59":9,"b:109:4:109:Infinity:undefined:undefined:undefined:undefined":11,"s:109:4:109:Infinity":69,"b:109:8:109:19:109:19:109:36:109:36:109:51":12,"s:109:51:109:Infinity":70,"s:110:4:110:Infinity":71,"s:111:4:111:Infinity":72,"s:112:4:123:Infinity":73,"s:113:31:116:Infinity":74,"s:117:8:117:Infinity":75,"s:119:29:119:Infinity":76,"b:119:52:119:66:119:66:119:Infinity":13,"s:120:8:120:Infinity":77,"s:122:8:122:Infinity":78,"s:126:30:129:Infinity":79,"f:126:30:126:31":10,"s:127:4:127:Infinity":80,"s:128:4:128:Infinity":81,"s:131:8:145:Infinity":82,"f:131:34:131:46":11,"b:133:4:136:Infinity:undefined:undefined:undefined:undefined":14,"s:133:4:136:Infinity":83,"s:134:6:134:Infinity":84,"s:135:6:135:Infinity":85,"b:139:4:144:Infinity:142:11:144:Infinity":15,"s:139:4:144:Infinity":86,"s:140:6:140:Infinity":87,"s:141:6:141:Infinity":88,"s:143:6:143:Infinity":89,"s:147:16:167:Infinity":90,"f:147:16:147:22":12,"s:148:4:148:Infinity":91,"s:149:4:149:Infinity":92,"s:150:4:150:Infinity":93,"s:151:4:151:Infinity":94,"s:152:4:152:Infinity":95,"s:153:4:153:Infinity":96,"s:154:4:154:Infinity":97,"s:155:4:155:Infinity":98,"s:156:4:156:Infinity":99,"s:157:4:157:Infinity":100,"s:158:4:158:Infinity":101,"s:159:4:159:Infinity":102,"s:160:4:160:Infinity":103,"s:162:4:162:Infinity":104,"s:163:4:163:Infinity":105,"s:164:4:164:Infinity":106,"s:165:4:165:Infinity":107,"s:166:4:166:Infinity":108,"s:169:27:173:Infinity":109,"f:169:27:169:33":13,"s:170:4:170:Infinity":110,"s:171:4:171:Infinity":111,"s:172:4:172:Infinity":112,"s:175:30:178:Infinity":113,"f:175:30:175:36":14,"s:176:4:176:Infinity":114,"s:177:4:177:Infinity":115,"s:180:16:190:Infinity":116,"s:192:2:192:Infinity":117},"fnNames":{}}}
,"E:\\OPEN SOURCE\\Digital-Ally\\src\\hooks\\useSpeechToText.ts": {"path":"E:\\OPEN SOURCE\\Digital-Ally\\src\\hooks\\useSpeechToText.ts","statementMap":{"0":{"start":{"line":45,"column":31},"end":{"line":112,"column":null}},"1":{"start":{"line":46,"column":36},"end":{"line":46,"column":null}},"2":{"start":{"line":47,"column":24},"end":{"line":47,"column":null}},"3":{"start":{"line":48,"column":8},"end":{"line":48,"column":null}},"4":{"start":{"line":50,"column":2},"end":{"line":92,"column":null}},"5":{"start":{"line":51,"column":30},"end":{"line":51,"column":null}},"6":{"start":{"line":52,"column":4},"end":{"line":55,"column":null}},"7":{"start":{"line":53,"column":6},"end":{"line":53,"column":null}},"8":{"start":{"line":54,"column":6},"end":{"line":54,"column":null}},"9":{"start":{"line":57,"column":24},"end":{"line":57,"column":null}},"10":{"start":{"line":58,"column":4},"end":{"line":58,"column":null}},"11":{"start":{"line":59,"column":4},"end":{"line":59,"column":null}},"12":{"start":{"line":60,"column":4},"end":{"line":60,"column":null}},"13":{"start":{"line":62,"column":4},"end":{"line":73,"column":null}},"14":{"start":{"line":63,"column":28},"end":{"line":63,"column":null}},"15":{"start":{"line":64,"column":30},"end":{"line":64,"column":null}},"16":{"start":{"line":65,"column":6},"end":{"line":71,"column":null}},"17":{"start":{"line":65,"column":19},"end":{"line":65,"column":22}},"18":{"start":{"line":66,"column":8},"end":{"line":70,"column":null}},"19":{"start":{"line":67,"column":10},"end":{"line":67,"column":null}},"20":{"start":{"line":69,"column":10},"end":{"line":69,"column":null}},"21":{"start":{"line":72,"column":6},"end":{"line":72,"column":null}},"22":{"start":{"line":75,"column":4},"end":{"line":81,"column":null}},"23":{"start":{"line":76,"column":6},"end":{"line":76,"column":null}},"24":{"start":{"line":77,"column":6},"end":{"line":79,"column":null}},"25":{"start":{"line":78,"column":8},"end":{"line":78,"column":null}},"26":{"start":{"line":80,"column":6},"end":{"line":80,"column":null}},"27":{"start":{"line":83,"column":4},"end":{"line":85,"column":null}},"28":{"start":{"line":84,"column":6},"end":{"line":84,"column":null}},"29":{"start":{"line":87,"column":4},"end":{"line":87,"column":null}},"30":{"start":{"line":89,"column":4},"end":{"line":91,"column":null}},"31":{"start":{"line":90,"column":6},"end":{"line":90,"column":null}},"32":{"start":{"line":94,"column":8},"end":{"line":109,"column":null}},"33":{"start":{"line":95,"column":4},"end":{"line":108,"column":null}},"34":{"start":{"line":96,"column":6},"end":{"line":96,"column":null}},"35":{"start":{"line":97,"column":6},"end":{"line":97,"column":null}},"36":{"start":{"line":99,"column":6},"end":{"line":107,"column":null}},"37":{"start":{"line":100,"column":8},"end":{"line":100,"column":null}},"38":{"start":{"line":101,"column":8},"end":{"line":101,"column":null}},"39":{"start":{"line":102,"column":8},"end":{"line":102,"column":null}},"40":{"start":{"line":104,"column":8},"end":{"line":104,"column":null}},"41":{"start":{"line":105,"column":8},"end":{"line":105,"column":null}},"42":{"start":{"line":106,"column":8},"end":{"line":106,"column":null}},"43":{"start":{"line":111,"column":2},"end":{"line":111,"column":null}}},"fnMap":{"0":{"name":"(anonymous_0)","decl":{"start":{"line":45,"column":31},"end":{"line":45,"column":32}},"loc":{"start":{"line":45,"column":80},"end":{"line":112,"column":null}},"line":45},"1":{"name":"(anonymous_1)","decl":{"start":{"line":50,"column":12},"end":{"line":50,"column":18}},"loc":{"start":{"line":50,"column":18},"end":{"line":92,"column":5}},"line":50},"2":{"name":"(anonymous_2)","decl":{"start":{"line":62,"column":27},"end":{"line":62,"column":28}},"loc":{"start":{"line":62,"column":62},"end":{"line":73,"column":null}},"line":62},"3":{"name":"(anonymous_3)","decl":{"start":{"line":75,"column":26},"end":{"line":75,"column":27}},"loc":{"start":{"line":75,"column":66},"end":{"line":81,"column":null}},"line":75},"4":{"name":"(anonymous_4)","decl":{"start":{"line":83,"column":24},"end":{"line":83,"column":30}},"loc":{"start":{"line":83,"column":30},"end":{"line":85,"column":null}},"line":83},"5":{"name":"(anonymous_5)","decl":{"start":{"line":89,"column":11},"end":{"line":89,"column":17}},"loc":{"start":{"line":89,"column":17},"end":{"line":91,"column":null}},"line":89},"6":{"name":"(anonymous_6)","decl":{"start":{"line":94,"column":38},"end":{"line":94,"column":44}},"loc":{"start":{"line":94,"column":44},"end":{"line":109,"column":5}},"line":94}},"branchMap":{"0":{"loc":{"start":{"line":51,"column":30},"end":{"line":51,"column":null}},"type":"binary-expr","locations":[{"start":{"line":51,"column":30},"end":{"line":51,"column":58}},{"start":{"line":51,"column":58},"end":{"line":51,"column":null}}],"line":51},"1":{"loc":{"start":{"line":52,"column":4},"end":{"line":55,"column":null}},"type":"if","locations":[{"start":{"line":52,"column":4},"end":{"line":55,"column":null}},{"start":{},"end":{}}],"line":52},"2":{"loc":{"start":{"line":66,"column":8},"end":{"line":70,"column":null}},"type":"if","locations":[{"start":{"line":66,"column":8},"end":{"line":70,"column":null}},{"start":{"line":68,"column":15},"end":{"line":70,"column":null}}],"line":66},"3":{"loc":{"start":{"line":72,"column":19},"end":{"line":72,"column":55}},"type":"binary-expr","locations":[{"start":{"line":72,"column":19},"end":{"line":72,"column":38}},{"start":{"line":72,"column":38},"end":{"line":72,"column":55}}],"line":72},"4":{"loc":{"start":{"line":77,"column":6},"end":{"line":79,"column":null}},"type":"if","locations":[{"start":{"line":77,"column":6},"end":{"line":79,"column":null}},{"start":{},"end":{}}],"line":77},"5":{"loc":{"start":{"line":95,"column":4},"end":{"line":108,"column":null}},"type":"if","locations":[{"start":{"line":95,"column":4},"end":{"line":108,"column":null}},{"start":{"line":98,"column":11},"end":{"line":108,"column":null}}],"line":95}},"s":{"0":1,"1":15,"2":15,"3":15,"4":15,"5":7,"6":7,"7":1,"8":1,"9":6,"10":6,"11":6,"12":6,"13":6,"14":1,"15":1,"16":1,"17":1,"18":1,"19":1,"20":0,"21":1,"22":6,"23":1,"24":1,"25":1,"26":1,"27":6,"28":1,"29":6,"30":6,"31":6,"32":15,"33":5,"34":1,"35":1,"36":4,"37":4,"38":4,"39":4,"40":0,"41":0,"42":0,"43":15},"f":{"0":15,"1":7,"2":1,"3":1,"4":1,"5":6,"6":5},"b":{"0":[7,1],"1":[1,6],"2":[1,0],"3":[1,0],"4":[1,0],"5":[1,4]},"meta":{"lastBranch":6,"lastFunction":7,"lastStatement":44,"seen":{"s:45:31:112:Infinity":0,"f:45:31:45:32":0,"s:46:36:46:Infinity":1,"s:47:24:47:Infinity":2,"s:48:8:48:Infinity":3,"s:50:2:92:Infinity":4,"f:50:12:50:18":1,"s:51:30:51:Infinity":5,"b:51:30:51:58:51:58:51:Infinity":0,"b:52:4:55:Infinity:undefined:undefined:undefined:undefined":1,"s:52:4:55:Infinity":6,"s:53:6:53:Infinity":7,"s:54:6:54:Infinity":8,"s:57:24:57:Infinity":9,"s:58:4:58:Infinity":10,"s:59:4:59:Infinity":11,"s:60:4:60:Infinity":12,"s:62:4:73:Infinity":13,"f:62:27:62:28":2,"s:63:28:63:Infinity":14,"s:64:30:64:Infinity":15,"s:65:6:71:Infinity":16,"s:65:19:65:22":17,"b:66:8:70:Infinity:68:15:70:Infinity":2,"s:66:8:70:Infinity":18,"s:67:10:67:Infinity":19,"s:69:10:69:Infinity":20,"s:72:6:72:Infinity":21,"b:72:19:72:38:72:38:72:55":3,"s:75:4:81:Infinity":22,"f:75:26:75:27":3,"s:76:6:76:Infinity":23,"b:77:6:79:Infinity:undefined:undefined:undefined:undefined":4,"s:77:6:79:Infinity":24,"s:78:8:78:Infinity":25,"s:80:6:80:Infinity":26,"s:83:4:85:Infinity":27,"f:83:24:83:30":4,"s:84:6:84:Infinity":28,"s:87:4:87:Infinity":29,"s:89:4:91:Infinity":30,"f:89:11:89:17":5,"s:90:6:90:Infinity":31,"s:94:8:109:Infinity":32,"f:94:38:94:44":6,"b:95:4:108:Infinity:98:11:108:Infinity":5,"s:95:4:108:Infinity":33,"s:96:6:96:Infinity":34,"s:97:6:97:Infinity":35,"s:99:6:107:Infinity":36,"s:100:8:100:Infinity":37,"s:101:8:101:Infinity":38,"s:102:8:102:Infinity":39,"s:104:8:104:Infinity":40,"s:105:8:105:Infinity":41,"s:106:8:106:Infinity":42,"s:111:2:111:Infinity":43},"fnNames":{}}}
,"E:\\OPEN SOURCE\\Digital-Ally\\src\\hooks\\useTextToSpeech.ts": {"path":"E:\\OPEN SOURCE\\Digital-Ally\\src\\hooks\\useTextToSpeech.ts","statementMap":{"0":{"start":{"line":3,"column":31},"end":{"line":93,"column":null}},"1":{"start":{"line":4,"column":34},"end":{"line":4,"column":null}},"2":{"start":{"line":5,"column":26},"end":{"line":5,"column":null}},"3":{"start":{"line":6,"column":8},"end":{"line":6,"column":null}},"4":{"start":{"line":8,"column":2},"end":{"line":12,"column":null}},"5":{"start":{"line":9,"column":4},"end":{"line":11,"column":null}},"6":{"start":{"line":10,"column":6},"end":{"line":10,"column":null}},"7":{"start":{"line":14,"column":8},"end":{"line":18,"column":null}},"8":{"start":{"line":15,"column":4},"end":{"line":17,"column":null}},"9":{"start":{"line":16,"column":8},"end":{"line":16,"column":null}},"10":{"start":{"line":20,"column":2},"end":{"line":35,"column":null}},"11":{"start":{"line":21,"column":18},"end":{"line":21,"column":null}},"12":{"start":{"line":22,"column":4},"end":{"line":22,"column":null}},"13":{"start":{"line":22,"column":16},"end":{"line":22,"column":null}},"14":{"start":{"line":25,"column":4},"end":{"line":25,"column":null}},"15":{"start":{"line":26,"column":4},"end":{"line":26,"column":null}},"16":{"start":{"line":28,"column":4},"end":{"line":34,"column":null}},"17":{"start":{"line":29,"column":6},"end":{"line":29,"column":null}},"18":{"start":{"line":31,"column":6},"end":{"line":33,"column":null}},"19":{"start":{"line":32,"column":10},"end":{"line":32,"column":null}},"20":{"start":{"line":37,"column":8},"end":{"line":81,"column":null}},"21":{"start":{"line":38,"column":18},"end":{"line":38,"column":null}},"22":{"start":{"line":39,"column":4},"end":{"line":39,"column":null}},"23":{"start":{"line":39,"column":25},"end":{"line":39,"column":null}},"24":{"start":{"line":42,"column":4},"end":{"line":44,"column":null}},"25":{"start":{"line":43,"column":8},"end":{"line":43,"column":null}},"26":{"start":{"line":46,"column":22},"end":{"line":46,"column":null}},"27":{"start":{"line":49,"column":23},"end":{"line":49,"column":null}},"28":{"start":{"line":50,"column":27},"end":{"line":50,"column":null}},"29":{"start":{"line":50,"column":46},"end":{"line":50,"column":94}},"30":{"start":{"line":52,"column":4},"end":{"line":60,"column":null}},"31":{"start":{"line":54,"column":28},"end":{"line":54,"column":null}},"32":{"start":{"line":54,"column":53},"end":{"line":54,"column":92}},"33":{"start":{"line":55,"column":8},"end":{"line":55,"column":null}},"34":{"start":{"line":59,"column":8},"end":{"line":59,"column":null}},"35":{"start":{"line":62,"column":4},"end":{"line":62,"column":null}},"36":{"start":{"line":64,"column":4},"end":{"line":64,"column":null}},"37":{"start":{"line":64,"column":30},"end":{"line":64,"column":null}},"38":{"start":{"line":65,"column":4},"end":{"line":65,"column":null}},"39":{"start":{"line":65,"column":28},"end":{"line":65,"column":null}},"40":{"start":{"line":67,"column":4},"end":{"line":74,"column":null}},"41":{"start":{"line":70,"column":8},"end":{"line":72,"column":null}},"42":{"start":{"line":71,"column":10},"end":{"line":71,"column":null}},"43":{"start":{"line":73,"column":8},"end":{"line":73,"column":null}},"44":{"start":{"line":77,"column":4},"end":{"line":79,"column":null}},"45":{"start":{"line":78,"column":8},"end":{"line":78,"column":null}},"46":{"start":{"line":83,"column":8},"end":{"line":90,"column":null}},"47":{"start":{"line":84,"column":18},"end":{"line":84,"column":null}},"48":{"start":{"line":85,"column":4},"end":{"line":89,"column":null}},"49":{"start":{"line":88,"column":8},"end":{"line":88,"column":null}},"50":{"start":{"line":92,"column":2},"end":{"line":92,"column":null}}},"fnMap":{"0":{"name":"(anonymous_0)","decl":{"start":{"line":3,"column":31},"end":{"line":3,"column":37}},"loc":{"start":{"line":3,"column":37},"end":{"line":93,"column":null}},"line":3},"1":{"name":"(anonymous_1)","decl":{"start":{"line":8,"column":12},"end":{"line":8,"column":18}},"loc":{"start":{"line":8,"column":18},"end":{"line":12,"column":5}},"line":8},"2":{"name":"(anonymous_2)","decl":{"start":{"line":14,"column":35},"end":{"line":14,"column":41}},"loc":{"start":{"line":14,"column":41},"end":{"line":18,"column":5}},"line":14},"3":{"name":"(anonymous_3)","decl":{"start":{"line":20,"column":12},"end":{"line":20,"column":18}},"loc":{"start":{"line":20,"column":18},"end":{"line":35,"column":5}},"line":20},"4":{"name":"(anonymous_4)","decl":{"start":{"line":28,"column":11},"end":{"line":28,"column":17}},"loc":{"start":{"line":28,"column":17},"end":{"line":34,"column":null}},"line":28},"5":{"name":"(anonymous_5)","decl":{"start":{"line":37,"column":28},"end":{"line":37,"column":29}},"loc":{"start":{"line":37,"column":60},"end":{"line":81,"column":5}},"line":37},"6":{"name":"(anonymous_6)","decl":{"start":{"line":50,"column":41},"end":{"line":50,"column":46}},"loc":{"start":{"line":50,"column":46},"end":{"line":50,"column":94}},"line":50},"7":{"name":"(anonymous_7)","decl":{"start":{"line":54,"column":48},"end":{"line":54,"column":53}},"loc":{"start":{"line":54,"column":53},"end":{"line":54,"column":92}},"line":54},"8":{"name":"(anonymous_8)","decl":{"start":{"line":64,"column":24},"end":{"line":64,"column":30}},"loc":{"start":{"line":64,"column":30},"end":{"line":64,"column":null}},"line":64},"9":{"name":"(anonymous_9)","decl":{"start":{"line":65,"column":22},"end":{"line":65,"column":28}},"loc":{"start":{"line":65,"column":28},"end":{"line":65,"column":null}},"line":65},"10":{"name":"(anonymous_10)","decl":{"start":{"line":67,"column":24},"end":{"line":67,"column":25}},"loc":{"start":{"line":67,"column":58},"end":{"line":74,"column":null}},"line":67},"11":{"name":"(anonymous_11)","decl":{"start":{"line":77,"column":15},"end":{"line":77,"column":21}},"loc":{"start":{"line":77,"column":21},"end":{"line":79,"column":7}},"line":77},"12":{"name":"(anonymous_12)","decl":{"start":{"line":83,"column":29},"end":{"line":83,"column":35}},"loc":{"start":{"line":83,"column":35},"end":{"line":90,"column":5}},"line":83}},"branchMap":{"0":{"loc":{"start":{"line":9,"column":4},"end":{"line":11,"column":null}},"type":"if","locations":[{"start":{"line":9,"column":4},"end":{"line":11,"column":null}},{"start":{},"end":{}}],"line":9},"1":{"loc":{"start":{"line":9,"column":8},"end":{"line":9,"column":70}},"type":"binary-expr","locations":[{"start":{"line":9,"column":8},"end":{"line":9,"column":41}},{"start":{"line":9,"column":41},"end":{"line":9,"column":70}}],"line":9},"2":{"loc":{"start":{"line":15,"column":4},"end":{"line":17,"column":null}},"type":"if","locations":[{"start":{"line":15,"column":4},"end":{"line":17,"column":null}},{"start":{},"end":{}}],"line":15},"3":{"loc":{"start":{"line":22,"column":4},"end":{"line":22,"column":null}},"type":"if","locations":[{"start":{"line":22,"column":4},"end":{"line":22,"column":null}},{"start":{},"end":{}}],"line":22},"4":{"loc":{"start":{"line":31,"column":6},"end":{"line":33,"column":null}},"type":"if","locations":[{"start":{"line":31,"column":6},"end":{"line":33,"column":null}},{"start":{},"end":{}}],"line":31},"5":{"loc":{"start":{"line":39,"column":4},"end":{"line":39,"column":null}},"type":"if","locations":[{"start":{"line":39,"column":4},"end":{"line":39,"column":null}},{"start":{},"end":{}}],"line":39},"6":{"loc":{"start":{"line":39,"column":8},"end":{"line":39,"column":25}},"type":"binary-expr","locations":[{"start":{"line":39,"column":8},"end":{"line":39,"column":17}},{"start":{"line":39,"column":17},"end":{"line":39,"column":25}}],"line":39},"7":{"loc":{"start":{"line":42,"column":4},"end":{"line":44,"column":null}},"type":"if","locations":[{"start":{"line":42,"column":4},"end":{"line":44,"column":null}},{"start":{},"end":{}}],"line":42},"8":{"loc":{"start":{"line":50,"column":46},"end":{"line":50,"column":94}},"type":"binary-expr","locations":[{"start":{"line":50,"column":46},"end":{"line":50,"column":65}},{"start":{"line":50,"column":65},"end":{"line":50,"column":94}}],"line":50},"9":{"loc":{"start":{"line":52,"column":4},"end":{"line":60,"column":null}},"type":"if","locations":[{"start":{"line":52,"column":4},"end":{"line":60,"column":null}},{"start":{"line":56,"column":11},"end":{"line":60,"column":null}}],"line":52},"10":{"loc":{"start":{"line":55,"column":26},"end":{"line":55,"column":null}},"type":"binary-expr","locations":[{"start":{"line":55,"column":26},"end":{"line":55,"column":41}},{"start":{"line":55,"column":41},"end":{"line":55,"column":null}}],"line":55},"11":{"loc":{"start":{"line":70,"column":8},"end":{"line":72,"column":null}},"type":"if","locations":[{"start":{"line":70,"column":8},"end":{"line":72,"column":null}},{"start":{},"end":{}}],"line":70},"12":{"loc":{"start":{"line":70,"column":12},"end":{"line":70,"column":65}},"type":"binary-expr","locations":[{"start":{"line":70,"column":12},"end":{"line":70,"column":41}},{"start":{"line":70,"column":41},"end":{"line":70,"column":65}}],"line":70},"13":{"loc":{"start":{"line":85,"column":4},"end":{"line":89,"column":null}},"type":"if","locations":[{"start":{"line":85,"column":4},"end":{"line":89,"column":null}},{"start":{},"end":{}}],"line":85},"14":{"loc":{"start":{"line":85,"column":7},"end":{"line":85,"column":32}},"type":"binary-expr","locations":[{"start":{"line":85,"column":7},"end":{"line":85,"column":16}},{"start":{"line":85,"column":16},"end":{"line":85,"column":32}}],"line":85}},"s":{"0":1,"1":9,"2":9,"3":9,"4":9,"5":4,"6":4,"7":9,"8":4,"9":4,"10":9,"11":4,"12":4,"13":0,"14":4,"15":4,"16":4,"17":4,"18":4,"19":1,"20":9,"21":1,"22":1,"23":0,"24":1,"25":0,"26":1,"27":1,"28":1,"29":1,"30":1,"31":1,"32":1,"33":1,"34":0,"35":1,"36":1,"37":1,"38":1,"39":0,"40":1,"41":0,"42":0,"43":0,"44":1,"45":1,"46":9,"47":1,"48":1,"49":1,"50":9},"f":{"0":9,"1":4,"2":4,"3":4,"4":4,"5":1,"6":1,"7":1,"8":1,"9":0,"10":0,"11":1,"12":1},"b":{"0":[4,0],"1":[4,4],"2":[4,0],"3":[0,4],"4":[1,3],"5":[0,1],"6":[1,1],"7":[0,1],"8":[1,0],"9":[1,0],"10":[1,0],"11":[0,0],"12":[0,0],"13":[1,0],"14":[1,1]},"meta":{"lastBranch":15,"lastFunction":13,"lastStatement":51,"seen":{"s:3:31:93:Infinity":0,"f:3:31:3:37":0,"s:4:34:4:Infinity":1,"s:5:26:5:Infinity":2,"s:6:8:6:Infinity":3,"s:8:2:12:Infinity":4,"f:8:12:8:18":1,"b:9:4:11:Infinity:undefined:undefined:undefined:undefined":0,"s:9:4:11:Infinity":5,"b:9:8:9:41:9:41:9:70":1,"s:10:6:10:Infinity":6,"s:14:8:18:Infinity":7,"f:14:35:14:41":2,"b:15:4:17:Infinity:undefined:undefined:undefined:undefined":2,"s:15:4:17:Infinity":8,"s:16:8:16:Infinity":9,"s:20:2:35:Infinity":10,"f:20:12:20:18":3,"s:21:18:21:Infinity":11,"b:22:4:22:Infinity:undefined:undefined:undefined:undefined":3,"s:22:4:22:Infinity":12,"s:22:16:22:Infinity":13,"s:25:4:25:Infinity":14,"s:26:4:26:Infinity":15,"s:28:4:34:Infinity":16,"f:28:11:28:17":4,"s:29:6:29:Infinity":17,"b:31:6:33:Infinity:undefined:undefined:undefined:undefined":4,"s:31:6:33:Infinity":18,"s:32:10:32:Infinity":19,"s:37:8:81:Infinity":20,"f:37:28:37:29":5,"s:38:18:38:Infinity":21,"b:39:4:39:Infinity:undefined:undefined:undefined:undefined":5,"s:39:4:39:Infinity":22,"b:39:8:39:17:39:17:39:25":6,"s:39:25:39:Infinity":23,"b:42:4:44:Infinity:undefined:undefined:undefined:undefined":7,"s:42:4:44:Infinity":24,"s:43:8:43:Infinity":25,"s:46:22:46:Infinity":26,"s:49:23:49:Infinity":27,"s:50:27:50:Infinity":28,"f:50:41:50:46":6,"s:50:46:50:94":29,"b:50:46:50:65:50:65:50:94":8,"b:52:4:60:Infinity:56:11:60:Infinity":9,"s:52:4:60:Infinity":30,"s:54:28:54:Infinity":31,"f:54:48:54:53":7,"s:54:53:54:92":32,"s:55:8:55:Infinity":33,"b:55:26:55:41:55:41:55:Infinity":10,"s:59:8:59:Infinity":34,"s:62:4:62:Infinity":35,"s:64:4:64:Infinity":36,"f:64:24:64:30":8,"s:64:30:64:Infinity":37,"s:65:4:65:Infinity":38,"f:65:22:65:28":9,"s:65:28:65:Infinity":39,"s:67:4:74:Infinity":40,"f:67:24:67:25":10,"b:70:8:72:Infinity:undefined:undefined:undefined:undefined":11,"s:70:8:72:Infinity":41,"b:70:12:70:41:70:41:70:65":12,"s:71:10:71:Infinity":42,"s:73:8:73:Infinity":43,"s:77:4:79:Infinity":44,"f:77:15:77:21":11,"s:78:8:78:Infinity":45,"s:83:8:90:Infinity":46,"f:83:29:83:35":12,"s:84:18:84:Infinity":47,"b:85:4:89:Infinity:undefined:undefined:undefined:undefined":13,"s:85:4:89:Infinity":48,"b:85:7:85:16:85:16:85:32":14,"s:88:8:88:Infinity":49,"s:92:2:92:Infinity":50},"fnNames":{}}}
,"E:\\OPEN SOURCE\\Digital-Ally\\src\\shared\\privacy.ts": {"path":"E:\\OPEN SOURCE\\Digital-Ally\\src\\shared\\privacy.ts","statementMap":{"0":{"start":{"line":9,"column":31},"end":{"line":9,"column":null}},"1":{"start":{"line":10,"column":20},"end":{"line":10,"column":null}},"2":{"start":{"line":13,"column":2},"end":{"line":13,"column":null}},"3":{"start":{"line":13,"column":37},"end":{"line":13,"column":null}},"4":{"start":{"line":15,"column":2},"end":{"line":26,"column":null}},"5":{"start":{"line":16,"column":18},"end":{"line":16,"column":null}},"6":{"start":{"line":17,"column":4},"end":{"line":23,"column":null}},"7":{"start":{"line":22,"column":6},"end":{"line":22,"column":null}},"8":{"start":{"line":28,"column":2},"end":{"line":28,"column":null}},"9":{"start":{"line":32,"column":21},"end":{"line":36,"column":null}},"10":{"start":{"line":37,"column":2},"end":{"line":37,"column":null}},"11":{"start":{"line":38,"column":2},"end":{"line":38,"column":null}},"12":{"start":{"line":42,"column":2},"end":{"line":45,"column":null}},"13":{"start":{"line":43,"column":4},"end":{"line":43,"column":null}},"14":{"start":{"line":44,"column":4},"end":{"line":44,"column":null}}},"fnMap":{"0":{"name":"loadPrivacyPreference","decl":{"start":{"line":12,"column":16},"end":{"line":12,"column":66}},"loc":{"start":{"line":12,"column":66},"end":{"line":29,"column":null}},"line":12},"1":{"name":"savePrivacyPreference","decl":{"start":{"line":31,"column":16},"end":{"line":31,"column":38}},"loc":{"start":{"line":31,"column":81},"end":{"line":39,"column":null}},"line":31},"2":{"name":"clearPrivacyPreference","decl":{"start":{"line":41,"column":16},"end":{"line":41,"column":47}},"loc":{"start":{"line":41,"column":47},"end":{"line":46,"column":null}},"line":41}},"branchMap":{"0":{"loc":{"start":{"line":13,"column":2},"end":{"line":13,"column":null}},"type":"if","locations":[{"start":{"line":13,"column":2},"end":{"line":13,"column":null}},{"start":{},"end":{}}],"line":13},"1":{"loc":{"start":{"line":16,"column":29},"end":{"line":16,"column":79}},"type":"binary-expr","locations":[{"start":{"line":16,"column":29},"end":{"line":16,"column":73}},{"start":{"line":16,"column":73},"end":{"line":16,"column":79}}],"line":16},"2":{"loc":{"start":{"line":17,"column":4},"end":{"line":23,"column":null}},"type":"if","locations":[{"start":{"line":17,"column":4},"end":{"line":23,"column":null}},{"start":{},"end":{}}],"line":17},"3":{"loc":{"start":{"line":18,"column":6},"end":{"line":20,"column":null}},"type":"binary-expr","locations":[{"start":{"line":18,"column":6},"end":{"line":18,"column":null}},{"start":{"line":19,"column":7},"end":{"line":19,"column":34}},{"start":{"line":19,"column":34},"end":{"line":19,"column":null}},{"start":{"line":20,"column":6},"end":{"line":20,"column":null}}],"line":18},"4":{"loc":{"start":{"line":42,"column":2},"end":{"line":45,"column":null}},"type":"if","locations":[{"start":{"line":42,"column":2},"end":{"line":45,"column":null}},{"start":{},"end":{}}],"line":42}},"s":{"0":2,"1":2,"2":12,"3":0,"4":12,"5":12,"6":12,"7":1,"8":11,"9":3,"10":3,"11":3,"12":3,"13":3,"14":3},"f":{"0":12,"1":3,"2":3},"b":{"0":[0,12],"1":[12,9],"2":[1,11],"3":[12,1,0,1],"4":[3,0]},"meta":{"lastBranch":5,"lastFunction":3,"lastStatement":15,"seen":{"s:9:31:9:Infinity":0,"s:10:20:10:Infinity":1,"f:12:16:12:66":0,"b:13:2:13:Infinity:undefined:undefined:undefined:undefined":0,"s:13:2:13:Infinity":2,"s:13:37:13:Infinity":3,"s:15:2:26:Infinity":4,"s:16:18:16:Infinity":5,"b:16:29:16:73:16:73:16:79":1,"b:17:4:23:Infinity:undefined:undefined:undefined:undefined":2,"s:17:4:23:Infinity":6,"b:18:6:18:Infinity:19:7:19:34:19:34:19:Infinity:20:6:20:Infinity":3,"s:22:6:22:Infinity":7,"s:28:2:28:Infinity":8,"f:31:16:31:38":1,"s:32:21:36:Infinity":9,"s:37:2:37:Infinity":10,"s:38:2:38:Infinity":11,"f:41:16:41:47":2,"b:42:2:45:Infinity:undefined:undefined:undefined:undefined":4,"s:42:2:45:Infinity":12,"s:43:4:43:Infinity":13,"s:44:4:44:Infinity":14},"fnNames":{}}}
,"E:\\OPEN SOURCE\\Digital-Ally\\src\\utils\\sanitize.ts": {"path":"E:\\OPEN SOURCE\\Digital-Ally\\src\\utils\\sanitize.ts","statementMap":{"0":{"start":{"line":3,"column":17},"end":{"line":3,"column":null}},"1":{"start":{"line":5,"column":40},"end":{"line":10,"column":null}},"2":{"start":{"line":18,"column":16},"end":{"line":18,"column":null}},"3":{"start":{"line":19,"column":27},"end":{"line":19,"column":null}},"4":{"start":{"line":21,"column":18},"end":{"line":23,"column":null}},"5":{"start":{"line":25,"column":2},"end":{"line":25,"column":null}}},"fnMap":{"0":{"name":"sanitizePreviewHtml","decl":{"start":{"line":17,"column":16},"end":{"line":17,"column":36}},"loc":{"start":{"line":17,"column":65},"end":{"line":26,"column":null}},"line":17}},"branchMap":{"0":{"loc":{"start":{"line":21,"column":18},"end":{"line":23,"column":null}},"type":"cond-expr","locations":[{"start":{"line":22,"column":6},"end":{"line":22,"column":null}},{"start":{"line":23,"column":6},"end":{"line":23,"column":null}}],"line":21}},"s":{"0":1,"1":1,"2":5,"3":5,"4":5,"5":5},"f":{"0":5},"b":{"0":[0,5]},"meta":{"lastBranch":1,"lastFunction":1,"lastStatement":6,"seen":{"s:3:17:3:Infinity":0,"s:5:40:10:Infinity":1,"f:17:16:17:36":0,"s:18:16:18:Infinity":2,"s:19:27:19:Infinity":3,"s:21:18:23:Infinity":4,"b:22:6:22:Infinity:23:6:23:Infinity":0,"s:25:2:25:Infinity":5},"fnNames":{}}}
}
